<?xml version="1.0" encoding="UTF-8"?>
<!-- Generated by org.testng.reporters.JUnitXMLReporter -->
<testsuite ignored="0" hostname="DESKTOP-FVVFBM2" failures="0" tests="3" name="Default test" time="0.302" errors="0" timestamp="2024-01-30T15:04:39 IST">
  <testcase classname="com.sampletests.qa.TestClass" name="SampleTestOne" time="0.031"/>
  <testcase classname="com.sampletests.qa.TestClass" name="SampleTestThree" time="0.006"/>
  <testcase classname="com.sampletests.qa.TestClass" name="SampleTestTwo" time="0.011"/>
</testsuite> <!-- Default test -->
