<?xml version="1.0" encoding="UTF-8"?>
<testng-results ignored="0" total="3" passed="3" failed="0" skipped="0">
  <reporter-output>
  </reporter-output>
  <suite started-at="2024-01-30T15:04:39 IST" name="Default suite" finished-at="2024-01-30T15:04:39 IST" duration-ms="302">
    <groups>
    </groups>
    <test started-at="2024-01-30T15:04:39 IST" name="Default test" finished-at="2024-01-30T15:04:39 IST" duration-ms="302">
      <class name="com.sampletests.qa.TestClass">
        <test-method signature="SampleTestOne()[pri:0, instance:com.sampletests.qa.TestClass@18df8434]" started-at="2024-01-30T15:04:39 IST" name="SampleTestOne" finished-at="2024-01-30T15:04:39 IST" duration-ms="31" status="PASS">
          <reporter-output>
          </reporter-output>
        </test-method> <!-- SampleTestOne -->
        <test-method signature="SampleTestThree()[pri:0, instance:com.sampletests.qa.TestClass@18df8434]" started-at="2024-01-30T15:04:39 IST" name="SampleTestThree" finished-at="2024-01-30T15:04:39 IST" duration-ms="6" status="PASS">
          <reporter-output>
          </reporter-output>
        </test-method> <!-- SampleTestThree -->
        <test-method signature="SampleTestTwo()[pri:0, instance:com.sampletests.qa.TestClass@18df8434]" started-at="2024-01-30T15:04:39 IST" name="SampleTestTwo" finished-at="2024-01-30T15:04:39 IST" duration-ms="11" status="PASS">
          <reporter-output>
          </reporter-output>
        </test-method> <!-- SampleTestTwo -->
      </class> <!-- com.sampletests.qa.TestClass -->
    </test> <!-- Default test -->
  </suite> <!-- Default suite -->
</testng-results>
